Arguments: 
  /Users/rschulte/.nvm/versions/node/v16.15.1/bin/node /Users/rschulte/.yarn/bin/yarn.js

PATH: 
  /Users/rschulte/.yarn/bin:/Users/rschulte/.config/yarn/global/node_modules/.bin:/opt/homebrew/opt/php@7.4/bin:/Users/rschulte/.nvm/versions/node/v16.15.1/bin:/Users/rschulte/bin:/usr/local/bin:/Library/Frameworks/Python.framework/Versions/3.10/bin:/opt/homebrew/bin:/opt/homebrew/sbin:/usr/local/bin:/usr/bin:/bin:/usr/sbin:/sbin:/Library/Apple/usr/bin:/Users/rschulte/.yarn/bin:/Users/rschulte/.config/yarn/global/node_modules/.bin:/opt/homebrew/opt/php@7.4/bin:/Users/rschulte/.nvm/versions/node/v16.15.1/bin:/Users/rschulte/bin:/Users/rschulte/.sdkman/candidates/java/current/bin:/Users/rschulte/.sdkman/candidates/gradle/current/bin:/Library/Frameworks/Python.framework/Versions/3.10/bin:/opt/homebrew/bin:/opt/homebrew/sbin

Yarn version: 
  1.22.19

Node version: 
  16.15.1

Platform: 
  darwin arm64

Trace: 
  Error: ENOENT: no such file or directory, copyfile '/Users/rschulte/Library/Caches/Yarn/v6/npm-estraverse-4.3.0-398ad3f3c5a24948be7725e83d11a7de28cdbd1d-integrity/node_modules/estraverse/LICENSE.BSD' -> '/Users/rschulte/projects/vilay/node_modules/@typescript-eslint/utils/node_modules/estraverse/LICENSE.BSD'

npm manifest: 
  {
    "name": "vilay-example",
    "type": "module",
    "private": true,
    "scripts": {
      "relay": "relay-compiler",
      "dev": "vilay dev",
      "build": "relay-compiler && vilay build",
      "start": "vilay start",
      "preview": "vilay preview"
    },
    "dependencies": {
      "@babel/runtime": "^7.17.8",
      "@vilay/render": "*",
      "babel-plugin-relay": "^14.0.0",
      "react": "^18.2.0",
      "react-dom": "^18.2.0",
      "react-error-boundary": "^3.1.4",
      "react-relay": "^14.0.0",
      "relay-runtime": "^14.0.0",
      "vilay": "*"
    },
    "devDependencies": {
      "@types/react": "^18.0.14",
      "@types/react-dom": "^18.0.5",
      "@types/react-relay": "^13.0.2",
      "@types/relay-runtime": "^13.0.3",
      "@unocss/reset": "^0.30.8",
      "relay-compiler": "^14.0.0",
      "unocss": "^0.30.8",
      "vite": "^2.9.12"
    }
  }

yarn manifest: 
  No manifest

Lockfile: 
  No lockfile
